[debug] [2022-10-21T13:06:22.485Z] ----------------------------------------------------------------------
[debug] [2022-10-21T13:06:22.486Z] Command:       /Users/fahadahmed/.nvm/versions/node/v16.13.2/bin/node /Users/fahadahmed/.nvm/versions/node/v16.13.2/bin/firebase serve --only functions
[debug] [2022-10-21T13:06:22.486Z] CLI Version:   11.15.0
[debug] [2022-10-21T13:06:22.486Z] Platform:      darwin
[debug] [2022-10-21T13:06:22.486Z] Node Version:  v16.13.2
[debug] [2022-10-21T13:06:22.487Z] Time:          Fri Oct 21 2022 21:06:22 GMT+0800 (Malaysia Time)
[debug] [2022-10-21T13:06:22.487Z] ----------------------------------------------------------------------
[debug] 
[debug] [2022-10-21T13:06:22.527Z] > command requires scopes: ["email","openid","https://www.googleapis.com/auth/cloudplatformprojects.readonly","https://www.googleapis.com/auth/firebase","https://www.googleapis.com/auth/cloud-platform"]
[debug] [2022-10-21T13:06:22.528Z] > authorizing via signed-in user (contact@fhdamd.dev)
[debug] [2022-10-21T13:06:22.528Z] [iam] checking project coding-pixels-2b3e0 for permissions ["firebase.projects.get"]
[debug] [2022-10-21T13:06:22.528Z] > refreshing access token with scopes: []
[debug] [2022-10-21T13:06:22.529Z] >>> [apiv2][query] POST https://www.googleapis.com/oauth2/v3/token [none]
[debug] [2022-10-21T13:06:22.529Z] >>> [apiv2][body] POST https://www.googleapis.com/oauth2/v3/token [omitted]
[debug] [2022-10-21T13:06:22.531Z] [iam] error while checking permissions, command may fail: FirebaseError: Authentication Error: Your credentials are no longer valid. Please run firebase login --reauth

For CI servers and headless environments, generate a new token with firebase login:ci
[debug] [2022-10-21T13:06:22.531Z] > refreshing access token with scopes: []
[debug] [2022-10-21T13:06:22.531Z] >>> [apiv2][query] POST https://www.googleapis.com/oauth2/v3/token [none]
[debug] [2022-10-21T13:06:22.531Z] >>> [apiv2][body] POST https://www.googleapis.com/oauth2/v3/token [omitted]
[debug] [2022-10-21T13:06:22.534Z] Authentication Error: Your credentials are no longer valid. Please run firebase login --reauth

For CI servers and headless environments, generate a new token with firebase login:ci
[debug] [2022-10-21T13:06:22.544Z] FirebaseError: Authentication Error: Your credentials are no longer valid. Please run firebase login --reauth

For CI servers and headless environments, generate a new token with firebase login:ci
    at invalidCredentialError (/Users/fahadahmed/.nvm/versions/node/v16.13.2/lib/node_modules/firebase-tools/lib/auth.js:144:12)
    at refreshTokens (/Users/fahadahmed/.nvm/versions/node/v16.13.2/lib/node_modules/firebase-tools/lib/auth.js:508:15)
    at processTicksAndRejections (node:internal/process/task_queues:96:5)
    at async Client.getAccessToken (/Users/fahadahmed/.nvm/versions/node/v16.13.2/lib/node_modules/firebase-tools/lib/apiv2.js:149:23)
    at async Client.addAuthHeader (/Users/fahadahmed/.nvm/versions/node/v16.13.2/lib/node_modules/firebase-tools/lib/apiv2.js:140:21)
    at async Client.request (/Users/fahadahmed/.nvm/versions/node/v16.13.2/lib/node_modules/firebase-tools/lib/apiv2.js:96:34)
    at async getFirebaseProject (/Users/fahadahmed/.nvm/versions/node/v16.13.2/lib/node_modules/firebase-tools/lib/management/projects.js:295:21)
    at async needProjectNumber (/Users/fahadahmed/.nvm/versions/node/v16.13.2/lib/node_modules/firebase-tools/lib/projectUtils.js:46:22)
    at async /Users/fahadahmed/.nvm/versions/node/v16.13.2/lib/node_modules/firebase-tools/lib/command.js:214:17
[error] 
[error] Error: Failed to get Firebase project coding-pixels-2b3e0. Please make sure the project exists and your account has permission to access it.
[debug] [2022-10-21T13:06:40.996Z] ----------------------------------------------------------------------
[debug] [2022-10-21T13:06:40.996Z] Command:       /Users/fahadahmed/.nvm/versions/node/v16.13.2/bin/node /Users/fahadahmed/.nvm/versions/node/v16.13.2/bin/firebase serve
[debug] [2022-10-21T13:06:40.997Z] CLI Version:   11.15.0
[debug] [2022-10-21T13:06:40.997Z] Platform:      darwin
[debug] [2022-10-21T13:06:40.997Z] Node Version:  v16.13.2
[debug] [2022-10-21T13:06:40.997Z] Time:          Fri Oct 21 2022 21:06:40 GMT+0800 (Malaysia Time)
[debug] [2022-10-21T13:06:40.998Z] ----------------------------------------------------------------------
[debug] 
[debug] [2022-10-21T13:06:41.035Z] > command requires scopes: ["email","openid","https://www.googleapis.com/auth/cloudplatformprojects.readonly","https://www.googleapis.com/auth/firebase","https://www.googleapis.com/auth/cloud-platform"]
[debug] [2022-10-21T13:06:41.035Z] > authorizing via signed-in user (contact@fhdamd.dev)
[debug] [2022-10-21T13:06:41.035Z] [iam] checking project coding-pixels-2b3e0 for permissions ["firebase.projects.get"]
[debug] [2022-10-21T13:06:41.035Z] > refreshing access token with scopes: []
[debug] [2022-10-21T13:06:41.036Z] >>> [apiv2][query] POST https://www.googleapis.com/oauth2/v3/token [none]
[debug] [2022-10-21T13:06:41.036Z] >>> [apiv2][body] POST https://www.googleapis.com/oauth2/v3/token [omitted]
[debug] [2022-10-21T13:06:41.039Z] [iam] error while checking permissions, command may fail: FirebaseError: Authentication Error: Your credentials are no longer valid. Please run firebase login --reauth

For CI servers and headless environments, generate a new token with firebase login:ci
[debug] [2022-10-21T13:06:41.039Z] > refreshing access token with scopes: []
[debug] [2022-10-21T13:06:41.039Z] >>> [apiv2][query] POST https://www.googleapis.com/oauth2/v3/token [none]
[debug] [2022-10-21T13:06:41.040Z] >>> [apiv2][body] POST https://www.googleapis.com/oauth2/v3/token [omitted]
[debug] [2022-10-21T13:06:41.041Z] Authentication Error: Your credentials are no longer valid. Please run firebase login --reauth

For CI servers and headless environments, generate a new token with firebase login:ci
[debug] [2022-10-21T13:06:41.049Z] FirebaseError: Authentication Error: Your credentials are no longer valid. Please run firebase login --reauth

For CI servers and headless environments, generate a new token with firebase login:ci
    at invalidCredentialError (/Users/fahadahmed/.nvm/versions/node/v16.13.2/lib/node_modules/firebase-tools/lib/auth.js:144:12)
    at refreshTokens (/Users/fahadahmed/.nvm/versions/node/v16.13.2/lib/node_modules/firebase-tools/lib/auth.js:508:15)
    at processTicksAndRejections (node:internal/process/task_queues:96:5)
    at async Client.getAccessToken (/Users/fahadahmed/.nvm/versions/node/v16.13.2/lib/node_modules/firebase-tools/lib/apiv2.js:149:23)
    at async Client.addAuthHeader (/Users/fahadahmed/.nvm/versions/node/v16.13.2/lib/node_modules/firebase-tools/lib/apiv2.js:140:21)
    at async Client.request (/Users/fahadahmed/.nvm/versions/node/v16.13.2/lib/node_modules/firebase-tools/lib/apiv2.js:96:34)
    at async getFirebaseProject (/Users/fahadahmed/.nvm/versions/node/v16.13.2/lib/node_modules/firebase-tools/lib/management/projects.js:295:21)
    at async needProjectNumber (/Users/fahadahmed/.nvm/versions/node/v16.13.2/lib/node_modules/firebase-tools/lib/projectUtils.js:46:22)
    at async /Users/fahadahmed/.nvm/versions/node/v16.13.2/lib/node_modules/firebase-tools/lib/command.js:214:17
[error] 
[error] Error: Failed to get Firebase project coding-pixels-2b3e0. Please make sure the project exists and your account has permission to access it.
